Flow report for incremental_encoder_reader
Sun Mar 05 15:40:45 2017
Quartus II 64-Bit Version 13.1.0 Build 162 10/23/2013 SJ Web Edition


---------------------
; Table of Contents ;
---------------------
  1. Legal Notice
  2. Flow Summary
  3. Flow Settings
  4. Flow Non-Default Global Settings
  5. Flow Elapsed Time
  6. Flow OS Summary
  7. Flow Log
  8. Flow Messages
  9. Flow Suppressed Messages



----------------
; Legal Notice ;
----------------
Copyright (C) 1991-2013 Altera Corporation
Your use of Altera Corporation's design tools, logic functions 
and other software and tools, and its AMPP partner logic 
functions, and any output files from any of the foregoing 
(including device programming or simulation files), and any 
associated documentation or information are expressly subject 
to the terms and conditions of the Altera Program License 
Subscription Agreement, Altera MegaCore Function License 
Agreement, or other applicable license agreement, including, 
without limitation, that your use is for the sole purpose of 
programming logic devices manufactured by Altera and sold by 
Altera or its authorized distributors.  Please refer to the 
applicable agreement for further details.



+---------------------------------------------------------------------------------+
; Flow Summary                                                                    ;
+------------------------------------+--------------------------------------------+
; Flow Status                        ; Successful - Sun Mar 05 15:40:45 2017      ;
; Quartus II 64-Bit Version          ; 13.1.0 Build 162 10/23/2013 SJ Web Edition ;
; Revision Name                      ; incremental_encoder_reader                 ;
; Top-level Entity Name              ; incr_enc_reader                            ;
; Family                             ; Cyclone III                                ;
; Device                             ; EP3C16F484C8                               ;
; Timing Models                      ; Final                                      ;
; Total logic elements               ; 929 / 15,408 ( 6 % )                       ;
;     Total combinational functions  ; 928 / 15,408 ( 6 % )                       ;
;     Dedicated logic registers      ; 18 / 15,408 ( < 1 % )                      ;
; Total registers                    ; 18                                         ;
; Total pins                         ; 38 / 347 ( 11 % )                          ;
; Total virtual pins                 ; 0                                          ;
; Total memory bits                  ; 0 / 516,096 ( 0 % )                        ;
; Embedded Multiplier 9-bit elements ; 2 / 112 ( 2 % )                            ;
; Total PLLs                         ; 0 / 4 ( 0 % )                              ;
+------------------------------------+--------------------------------------------+


+------------------------------------------------+
; Flow Settings                                  ;
+-------------------+----------------------------+
; Option            ; Setting                    ;
+-------------------+----------------------------+
; Start date & time ; 03/05/2017 15:39:39        ;
; Main task         ; Compilation                ;
; Revision Name     ; incremental_encoder_reader ;
+-------------------+----------------------------+


+------------------------------------------------------------------------------------------------------------------------------------------------------------+
; Flow Non-Default Global Settings                                                                                                                           ;
+----------------------------------------+--------------------------------+----------------------------+-----------------+-----------------------------------+
; Assignment Name                        ; Value                          ; Default Value              ; Entity Name     ; Section Id                        ;
+----------------------------------------+--------------------------------+----------------------------+-----------------+-----------------------------------+
; COMPILER_SIGNATURE_ID                  ; 17603817684518.148871757904680 ; --                         ; --              ; --                                ;
; EDA_BOARD_DESIGN_BOUNDARY_SCAN_TOOL    ; BSDL (Boundary Scan)           ; <None>                     ; --              ; --                                ;
; EDA_BOARD_DESIGN_SIGNAL_INTEGRITY_TOOL ; IBIS (Signal Integrity)        ; <None>                     ; --              ; --                                ;
; EDA_BOARD_DESIGN_SYMBOL_TOOL           ; ViewDraw (Symbol)              ; <None>                     ; --              ; --                                ;
; EDA_BOARD_DESIGN_TIMING_TOOL           ; Stamp (Timing)                 ; <None>                     ; --              ; --                                ;
; EDA_DESIGN_ENTRY_SYNTHESIS_TOOL        ; Custom                         ; <None>                     ; --              ; --                                ;
; EDA_INPUT_DATA_FORMAT                  ; Vhdl                           ; --                         ; --              ; eda_design_synthesis              ;
; EDA_OUTPUT_DATA_FORMAT                 ; Vhdl                           ; --                         ; --              ; eda_simulation                    ;
; EDA_OUTPUT_DATA_FORMAT                 ; Stamp                          ; --                         ; --              ; eda_board_design_timing           ;
; EDA_OUTPUT_DATA_FORMAT                 ; Viewdraw                       ; --                         ; --              ; eda_board_design_symbol           ;
; EDA_OUTPUT_DATA_FORMAT                 ; Ibis                           ; --                         ; --              ; eda_board_design_signal_integrity ;
; EDA_OUTPUT_DATA_FORMAT                 ; Bsdl                           ; --                         ; --              ; eda_board_design_boundary_scan    ;
; EDA_SIMULATION_TOOL                    ; ModelSim-Altera (VHDL)         ; <None>                     ; --              ; --                                ;
; MAX_CORE_JUNCTION_TEMP                 ; 85                             ; --                         ; --              ; --                                ;
; MIN_CORE_JUNCTION_TEMP                 ; 0                              ; --                         ; --              ; --                                ;
; NOMINAL_CORE_SUPPLY_VOLTAGE            ; 1.2V                           ; --                         ; --              ; --                                ;
; PARTITION_COLOR                        ; 16764057                       ; --                         ; incr_enc_reader ; Top                               ;
; PARTITION_FITTER_PRESERVATION_LEVEL    ; PLACEMENT_AND_ROUTING          ; --                         ; incr_enc_reader ; Top                               ;
; PARTITION_NETLIST_TYPE                 ; SOURCE                         ; --                         ; incr_enc_reader ; Top                               ;
; PROJECT_OUTPUT_DIRECTORY               ; output_files                   ; --                         ; --              ; --                                ;
; TOP_LEVEL_ENTITY                       ; incr_enc_reader                ; incremental_encoder_reader ; --              ; --                                ;
+----------------------------------------+--------------------------------+----------------------------+-----------------+-----------------------------------+


+-------------------------------------------------------------------------------------------------------------------------------+
; Flow Elapsed Time                                                                                                             ;
+---------------------------+--------------+-------------------------+---------------------+------------------------------------+
; Module Name               ; Elapsed Time ; Average Processors Used ; Peak Virtual Memory ; Total CPU Time (on all processors) ;
+---------------------------+--------------+-------------------------+---------------------+------------------------------------+
; Analysis & Synthesis      ; 00:00:14     ; 1.0                     ; 555 MB              ; 00:00:13                           ;
; Fitter                    ; 00:00:20     ; 1.0                     ; 817 MB              ; 00:00:19                           ;
; Assembler                 ; 00:00:03     ; 1.0                     ; 448 MB              ; 00:00:03                           ;
; TimeQuest Timing Analyzer ; 00:00:08     ; 1.0                     ; 501 MB              ; 00:00:06                           ;
; EDA Netlist Writer        ; 00:00:07     ; 1.0                     ; 445 MB              ; 00:00:07                           ;
; Total                     ; 00:00:52     ; --                      ; --                  ; 00:00:48                           ;
+---------------------------+--------------+-------------------------+---------------------+------------------------------------+


+----------------------------------------------------------------------------------------+
; Flow OS Summary                                                                        ;
+---------------------------+------------------+-----------+------------+----------------+
; Module Name               ; Machine Hostname ; OS Name   ; OS Version ; Processor type ;
+---------------------------+------------------+-----------+------------+----------------+
; Analysis & Synthesis      ; mbakim01         ; Windows 7 ; 6.1        ; x86_64         ;
; Fitter                    ; mbakim01         ; Windows 7 ; 6.1        ; x86_64         ;
; Assembler                 ; mbakim01         ; Windows 7 ; 6.1        ; x86_64         ;
; TimeQuest Timing Analyzer ; mbakim01         ; Windows 7 ; 6.1        ; x86_64         ;
; EDA Netlist Writer        ; mbakim01         ; Windows 7 ; 6.1        ; x86_64         ;
+---------------------------+------------------+-----------+------------+----------------+


------------
; Flow Log ;
------------
quartus_map --read_settings_files=on --write_settings_files=off incremental_encoder_reader -c incremental_encoder_reader
quartus_fit --read_settings_files=off --write_settings_files=off incremental_encoder_reader -c incremental_encoder_reader
quartus_asm --read_settings_files=off --write_settings_files=off incremental_encoder_reader -c incremental_encoder_reader
quartus_sta incremental_encoder_reader -c incremental_encoder_reader
quartus_eda --read_settings_files=off --write_settings_files=off incremental_encoder_reader -c incremental_encoder_reader



