EDA Netlist Writer report for incremental_encoder_reader
Sun Mar 05 15:40:45 2017
Quartus II 64-Bit Version 13.1.0 Build 162 10/23/2013 SJ Web Edition


---------------------
; Table of Contents ;
---------------------
  1. Legal Notice
  2. EDA Netlist Writer Summary
  3. Simulation Settings
  4. Simulation Generated Files
  5. Board-Level Settings
  6. Board-Level Generated Files
  7. EDA Netlist Writer Messages



----------------
; Legal Notice ;
----------------
Copyright (C) 1991-2013 Altera Corporation
Your use of Altera Corporation's design tools, logic functions 
and other software and tools, and its AMPP partner logic 
functions, and any output files from any of the foregoing 
(including device programming or simulation files), and any 
associated documentation or information are expressly subject 
to the terms and conditions of the Altera Program License 
Subscription Agreement, Altera MegaCore Function License 
Agreement, or other applicable license agreement, including, 
without limitation, that your use is for the sole purpose of 
programming logic devices manufactured by Altera and sold by 
Altera or its authorized distributors.  Please refer to the 
applicable agreement for further details.



+-------------------------------------------------------------------------------+
; EDA Netlist Writer Summary                                                    ;
+---------------------------------------+---------------------------------------+
; EDA Netlist Writer Status             ; Successful - Sun Mar 05 15:40:45 2017 ;
; Revision Name                         ; incremental_encoder_reader            ;
; Top-level Entity Name                 ; incr_enc_reader                       ;
; Family                                ; Cyclone III                           ;
; Simulation Files Creation             ; Successful                            ;
; Board Signal Integrity Files Creation ; Successful                            ;
; Board Timing Analysis Files Creation  ; Successful                            ;
+---------------------------------------+---------------------------------------+


+----------------------------------------------------------------------------------------------------------------------------+
; Simulation Settings                                                                                                        ;
+---------------------------------------------------------------------------------------------------+------------------------+
; Option                                                                                            ; Setting                ;
+---------------------------------------------------------------------------------------------------+------------------------+
; Tool Name                                                                                         ; ModelSim-Altera (VHDL) ;
; Generate netlist for functional simulation only                                                   ; Off                    ;
; Time scale                                                                                        ; 1 ps                   ;
; Truncate long hierarchy paths                                                                     ; Off                    ;
; Map illegal HDL characters                                                                        ; Off                    ;
; Flatten buses into individual nodes                                                               ; Off                    ;
; Maintain hierarchy                                                                                ; Off                    ;
; Bring out device-wide set/reset signals as ports                                                  ; Off                    ;
; Enable glitch filtering                                                                           ; Off                    ;
; Do not write top level VHDL entity                                                                ; Off                    ;
; Disable detection of setup and hold time violations in the input registers of bi-directional pins ; Off                    ;
; Architecture name in VHDL output netlist                                                          ; structure              ;
; Generate third-party EDA tool command script for RTL functional simulation                        ; Off                    ;
; Generate third-party EDA tool command script for gate-level simulation                            ; Off                    ;
+---------------------------------------------------------------------------------------------------+------------------------+


+---------------------------------------------------------------------------------------------------------------------------------------------------------------+
; Simulation Generated Files                                                                                                                                    ;
+---------------------------------------------------------------------------------------------------------------------------------------------------------------+
; Generated Files                                                                                                                                               ;
+---------------------------------------------------------------------------------------------------------------------------------------------------------------+
; C:/Users/mmisirli/Desktop/Project/Digital_Design/incremental_encoder_reader/Project/simulation/modelsim/incremental_encoder_reader_8_1200mv_85c_slow.vho      ;
; C:/Users/mmisirli/Desktop/Project/Digital_Design/incremental_encoder_reader/Project/simulation/modelsim/incremental_encoder_reader_8_1200mv_0c_slow.vho       ;
; C:/Users/mmisirli/Desktop/Project/Digital_Design/incremental_encoder_reader/Project/simulation/modelsim/incremental_encoder_reader_min_1200mv_0c_fast.vho     ;
; C:/Users/mmisirli/Desktop/Project/Digital_Design/incremental_encoder_reader/Project/simulation/modelsim/incremental_encoder_reader.vho                        ;
; C:/Users/mmisirli/Desktop/Project/Digital_Design/incremental_encoder_reader/Project/simulation/modelsim/incremental_encoder_reader_8_1200mv_85c_vhd_slow.sdo  ;
; C:/Users/mmisirli/Desktop/Project/Digital_Design/incremental_encoder_reader/Project/simulation/modelsim/incremental_encoder_reader_8_1200mv_0c_vhd_slow.sdo   ;
; C:/Users/mmisirli/Desktop/Project/Digital_Design/incremental_encoder_reader/Project/simulation/modelsim/incremental_encoder_reader_min_1200mv_0c_vhd_fast.sdo ;
; C:/Users/mmisirli/Desktop/Project/Digital_Design/incremental_encoder_reader/Project/simulation/modelsim/incremental_encoder_reader_vhd.sdo                    ;
+---------------------------------------------------------------------------------------------------------------------------------------------------------------+


+-----------------------------------------+
; Board-Level Settings                    ;
+-------------------------------+---------+
; Option                        ; Setting ;
+-------------------------------+---------+
; Board Signal Integrity Format ; IBIS    ;
; Board Timing Analysis Format  ; STAMP   ;
+-------------------------------+---------+


+-----------------------------------------------------------------------------------------------------------------------------------------------------------------------------------------------------------------------------------------------------------------+
; Board-Level Generated Files                                                                                                                                                                                                                                     ;
+-----------------------------------------------------------------------------------------------------------------------------------------------------------------------------------------------------------------------------------------------------------------+
; Generated Files                                                                                                                                                                                                                                                 ;
+-----------------------------------------------------------------------------------------------------------------------------------------------------------------------------------------------------------------------------------------------------------------+
; Board Signal Integrity                                                                                                                                                                                                                                          ;
;     C:/Users/mmisirli/Desktop/Project/Digital_Design/incremental_encoder_reader/Project/board/ibis/incremental_encoder_reader.ibs                                                                                                                               ;
; Board Timing Analysis                                                                                                                                                                                                                                           ;
;     C:/Users/mmisirli/Desktop/Project/Digital_Design/incremental_encoder_reader/Project/timing/stamp/C:/Users/mmisirli/Desktop/Project/Digital_Design/incremental_encoder_reader/Project/timing/stamp//incremental_encoder_reader_8_1200mv_85c_board_slow.mod   ;
;     C:/Users/mmisirli/Desktop/Project/Digital_Design/incremental_encoder_reader/Project/timing/stamp/C:/Users/mmisirli/Desktop/Project/Digital_Design/incremental_encoder_reader/Project/timing/stamp//incremental_encoder_reader_8_1200mv_85c_board_slow.data  ;
;     C:/Users/mmisirli/Desktop/Project/Digital_Design/incremental_encoder_reader/Project/timing/stamp/C:/Users/mmisirli/Desktop/Project/Digital_Design/incremental_encoder_reader/Project/timing/stamp//incremental_encoder_reader_8_1200mv_0c_board_slow.mod    ;
;     C:/Users/mmisirli/Desktop/Project/Digital_Design/incremental_encoder_reader/Project/timing/stamp/C:/Users/mmisirli/Desktop/Project/Digital_Design/incremental_encoder_reader/Project/timing/stamp//incremental_encoder_reader_8_1200mv_0c_board_slow.data   ;
;     C:/Users/mmisirli/Desktop/Project/Digital_Design/incremental_encoder_reader/Project/timing/stamp/C:/Users/mmisirli/Desktop/Project/Digital_Design/incremental_encoder_reader/Project/timing/stamp//incremental_encoder_reader_min_1200mv_0c_board_fast.mod  ;
;     C:/Users/mmisirli/Desktop/Project/Digital_Design/incremental_encoder_reader/Project/timing/stamp/C:/Users/mmisirli/Desktop/Project/Digital_Design/incremental_encoder_reader/Project/timing/stamp//incremental_encoder_reader_min_1200mv_0c_board_fast.data ;
;     C:/Users/mmisirli/Desktop/Project/Digital_Design/incremental_encoder_reader/Project/timing/stamp/C:/Users/mmisirli/Desktop/Project/Digital_Design/incremental_encoder_reader/Project/timing/stamp//incremental_encoder_reader_board.mod                     ;
;     C:/Users/mmisirli/Desktop/Project/Digital_Design/incremental_encoder_reader/Project/timing/stamp/C:/Users/mmisirli/Desktop/Project/Digital_Design/incremental_encoder_reader/Project/timing/stamp//incremental_encoder_reader_board.data                    ;
+-----------------------------------------------------------------------------------------------------------------------------------------------------------------------------------------------------------------------------------------------------------------+


+-----------------------------+
; EDA Netlist Writer Messages ;
+-----------------------------+
Info: *******************************************************************
Info: Running Quartus II 64-Bit EDA Netlist Writer
    Info: Version 13.1.0 Build 162 10/23/2013 SJ Web Edition
    Info: Processing started: Sun Mar 05 15:40:38 2017
Info: Command: quartus_eda --read_settings_files=off --write_settings_files=off incremental_encoder_reader -c incremental_encoder_reader
Info (204019): Generated file incremental_encoder_reader_8_1200mv_85c_slow.vho in folder "C:/Users/mmisirli/Desktop/Project/Digital_Design/incremental_encoder_reader/Project/simulation/modelsim/" for EDA simulation tool
Info (204019): Generated file incremental_encoder_reader_8_1200mv_0c_slow.vho in folder "C:/Users/mmisirli/Desktop/Project/Digital_Design/incremental_encoder_reader/Project/simulation/modelsim/" for EDA simulation tool
Info (204019): Generated file incremental_encoder_reader_min_1200mv_0c_fast.vho in folder "C:/Users/mmisirli/Desktop/Project/Digital_Design/incremental_encoder_reader/Project/simulation/modelsim/" for EDA simulation tool
Info (204019): Generated file incremental_encoder_reader.vho in folder "C:/Users/mmisirli/Desktop/Project/Digital_Design/incremental_encoder_reader/Project/simulation/modelsim/" for EDA simulation tool
Info (204019): Generated file incremental_encoder_reader_8_1200mv_85c_vhd_slow.sdo in folder "C:/Users/mmisirli/Desktop/Project/Digital_Design/incremental_encoder_reader/Project/simulation/modelsim/" for EDA simulation tool
Info (204019): Generated file incremental_encoder_reader_8_1200mv_0c_vhd_slow.sdo in folder "C:/Users/mmisirli/Desktop/Project/Digital_Design/incremental_encoder_reader/Project/simulation/modelsim/" for EDA simulation tool
Info (204019): Generated file incremental_encoder_reader_min_1200mv_0c_vhd_fast.sdo in folder "C:/Users/mmisirli/Desktop/Project/Digital_Design/incremental_encoder_reader/Project/simulation/modelsim/" for EDA simulation tool
Info (204019): Generated file incremental_encoder_reader_vhd.sdo in folder "C:/Users/mmisirli/Desktop/Project/Digital_Design/incremental_encoder_reader/Project/simulation/modelsim/" for EDA simulation tool
Info (199047): Generated files "C:/Users/mmisirli/Desktop/Project/Digital_Design/incremental_encoder_reader/Project/timing/stamp//incremental_encoder_reader_8_1200mv_85c_board_slow.mod" and "C:/Users/mmisirli/Desktop/Project/Digital_Design/incremental_encoder_reader/Project/timing/stamp//incremental_encoder_reader_8_1200mv_85c_board_slow.data"
Info (199047): Generated files "C:/Users/mmisirli/Desktop/Project/Digital_Design/incremental_encoder_reader/Project/timing/stamp//incremental_encoder_reader_8_1200mv_0c_board_slow.mod" and "C:/Users/mmisirli/Desktop/Project/Digital_Design/incremental_encoder_reader/Project/timing/stamp//incremental_encoder_reader_8_1200mv_0c_board_slow.data"
Info (199047): Generated files "C:/Users/mmisirli/Desktop/Project/Digital_Design/incremental_encoder_reader/Project/timing/stamp//incremental_encoder_reader_min_1200mv_0c_board_fast.mod" and "C:/Users/mmisirli/Desktop/Project/Digital_Design/incremental_encoder_reader/Project/timing/stamp//incremental_encoder_reader_min_1200mv_0c_board_fast.data"
Info (199047): Generated files "C:/Users/mmisirli/Desktop/Project/Digital_Design/incremental_encoder_reader/Project/timing/stamp//incremental_encoder_reader_board.mod" and "C:/Users/mmisirli/Desktop/Project/Digital_Design/incremental_encoder_reader/Project/timing/stamp//incremental_encoder_reader_board.data"
Warning (199059): Can't generate files for ViewDraw EDA tool -- device family not supported in ViewDraw Flow
Warning (197015): Truncated IBIS Output File incremental_encoder_reader.ibs to "incremental_encoder_.ibs" to comply with IBIS 3.2/4.0/4.1 standard
Warning (197014): Truncated pin name "~ALTERA_FLASH_nCE_nCSO~" in IBIS Output File to "~ALTERA_FLASH_nCE_nC" to comply with IBIS 3.2/4.0/4.1 standard
Info (197032): IBIS model(s) generated are referring to model(s) with output termination for pin(s) with input termination and output termination enabled
Info (199050): Generated IBIS Output File C:/Users/mmisirli/Desktop/Project/Digital_Design/incremental_encoder_reader/Project/board/ibis/incremental_encoder_reader.ibs for board level analysis
Warning (199064): Device family does not support board-level Boundary-Scan Description Language file generation
Info: Quartus II 64-Bit EDA Netlist Writer was successful. 0 errors, 4 warnings
    Info: Peak virtual memory: 457 megabytes
    Info: Processing ended: Sun Mar 05 15:40:45 2017
    Info: Elapsed time: 00:00:07
    Info: Total CPU time (on all processors): 00:00:07


